<?xml version="1.0" encoding="UTF-8"?>
<!-- Generated by org.testng.reporters.JUnitReportReporter -->
<testsuite hostname="QSP" failures="0" tests="1" name="waitingstatements.Test0" time="16.543" errors="0" timestamp="2021-07-06T15:48:03 IST" skipped="0">
  <testcase classname="waitingstatements.Test0" name="demo" time="16.543"/>
</testsuite> <!-- waitingstatements.Test0 -->
