<?xml version="1.0" encoding="UTF-8"?>
<!-- Generated by org.testng.reporters.JUnitReportReporter -->
<testsuite hostname="QSP" failures="0" tests="1" name="javascriptexecutor.Test4" time="8.351" errors="0" timestamp="2021-07-06T15:19:03 IST" skipped="0">
  <testcase classname="javascriptexecutor.Test4" name="demo" time="8.351"/>
</testsuite> <!-- javascriptexecutor.Test4 -->
