<?xml version="1.0" encoding="UTF-8"?>
<!-- Generated by org.testng.reporters.JUnitReportReporter -->
<testsuite hostname="QSP" failures="0" tests="1" name="dataDriven.Test3" time="2.043" errors="0" timestamp="2021-07-13T16:40:14 IST" skipped="0">
  <testcase classname="dataDriven.Test3" name="tc1" time="2.043"/>
</testsuite> <!-- dataDriven.Test3 -->
