<?xml version="1.0" encoding="UTF-8"?>
<!-- Generated by org.testng.reporters.JUnitReportReporter -->
<testsuite hostname="QSP" failures="0" tests="1" name="javascriptexecutor.Test0" time="18.823" errors="0" timestamp="2021-07-05T16:32:10 IST" skipped="0">
  <testcase classname="javascriptexecutor.Test0" name="demo" time="18.823"/>
</testsuite> <!-- javascriptexecutor.Test0 -->
