<?xml version="1.0" encoding="UTF-8"?>
<!-- Generated by org.testng.reporters.JUnitReportReporter -->
<testsuite hostname="QSP" failures="0" tests="1" name="dataDriven.Test0" time="21.671" errors="0" timestamp="2021-07-10T15:51:49 IST" skipped="0">
  <testcase classname="dataDriven.Test0" name="tc1" time="21.671"/>
</testsuite> <!-- dataDriven.Test0 -->
