<?xml version="1.0" encoding="UTF-8"?>
<!-- Generated by org.testng.reporters.JUnitReportReporter -->
<testsuite hostname="QSP" failures="0" tests="1" name="com.Ecommerce.AddingToCart.Sample" time="0.029" errors="0" timestamp="2021-07-01T16:27:18 IST" skipped="0">
  <testcase classname="com.Ecommerce.AddingToCart.Sample" name="tc2" time="0.029"/>
</testsuite> <!-- com.Ecommerce.AddingToCart.Sample -->
