<?xml version="1.0" encoding="UTF-8"?>
<!-- Generated by org.testng.reporters.JUnitReportReporter -->
<testsuite hostname="QSP" failures="0" tests="1" name="dataDriven.Test4" time="1.503" errors="0" timestamp="2021-07-13T16:52:14 IST" skipped="0">
  <testcase classname="dataDriven.Test4" name="tc1" time="1.503"/>
</testsuite> <!-- dataDriven.Test4 -->
