<?xml version="1.0" encoding="UTF-8"?>
<!-- Generated by org.testng.reporters.JUnitReportReporter -->
<testsuite hostname="QSP" failures="0" tests="2" name="testng.Test0" time="0.035" errors="0" timestamp="2021-07-07T16:36:25 IST" skipped="0">
  <testcase classname="testng.Test0" name="createProject" time="0.003"/>
  <testcase classname="testng.Test0" name="createCustomer" time="0.032"/>
</testsuite> <!-- testng.Test0 -->
