<?xml version="1.0" encoding="UTF-8"?>
<!-- Generated by org.testng.reporters.JUnitReportReporter -->
<testsuite hostname="QSP" failures="0" tests="1" name="testng.Hub" time="9.681" errors="0" timestamp="2021-07-09T16:29:56 IST" skipped="0">
  <testcase classname="testng.Hub" name="tc1" time="9.681"/>
</testsuite> <!-- testng.Hub -->
