<?xml version="1.0" encoding="UTF-8"?>
<!-- Generated by org.testng.reporters.JUnitReportReporter -->
<testsuite hostname="QSP" failures="0" tests="1" name="testng.Test2" time="15.772" errors="0" timestamp="2021-07-08T15:24:40 IST" skipped="0">
  <testcase classname="testng.Test2" name="tc1" time="15.772"/>
</testsuite> <!-- testng.Test2 -->
