<?xml version="1.0" encoding="UTF-8"?>
<!-- Generated by org.testng.reporters.JUnitReportReporter -->
<testsuite hostname="QSP" failures="0" tests="1" name="waitingstatements.Test1" time="10.357" errors="0" timestamp="2021-07-06T16:07:43 IST" skipped="0">
  <testcase classname="waitingstatements.Test1" name="demo" time="10.357"/>
</testsuite> <!-- waitingstatements.Test1 -->
