<?xml version="1.0" encoding="UTF-8"?>
<!-- Generated by org.testng.reporters.JUnitReportReporter -->
<testsuite hostname="QSP" failures="0" tests="1" name="com.Ecommerce.AddingToCart.Testcase" time="0.002" errors="0" timestamp="2021-07-01T16:27:18 IST" skipped="0">
  <testcase classname="com.Ecommerce.AddingToCart.Testcase" name="tc3" time="0.002"/>
</testsuite> <!-- com.Ecommerce.AddingToCart.Testcase -->
