<?xml version="1.0" encoding="UTF-8"?>
<!-- Generated by org.testng.reporters.JUnitReportReporter -->
<testsuite hostname="QSP" failures="0" tests="1" name="slidders.Test0" time="18.626" errors="0" timestamp="2021-07-06T15:33:06 IST" skipped="0">
  <testcase classname="slidders.Test0" name="sliders" time="18.626"/>
</testsuite> <!-- slidders.Test0 -->
