<?xml version="1.0" encoding="UTF-8"?>
<!-- Generated by org.testng.reporters.JUnitReportReporter -->
<testsuite hostname="QSP" failures="0" tests="2" name="testng.Hub1" time="54.858" errors="0" timestamp="2021-07-09T16:41:48 IST" skipped="0">
  <testcase classname="testng.Hub1" name="tc2" time="12.039"/>
  <testcase classname="testng.Hub1" name="tc2" time="42.819"/>
</testsuite> <!-- testng.Hub1 -->
