<?xml version="1.0" encoding="UTF-8"?>
<!-- Generated by org.testng.reporters.JUnitReportReporter -->
<testsuite hostname="QSP" failures="0" tests="1" name="waitingstatements.Test2" time="42.032" errors="0" timestamp="2021-07-06T16:32:20 IST" skipped="0">
  <testcase classname="waitingstatements.Test2" name="demo" time="42.032"/>
</testsuite> <!-- waitingstatements.Test2 -->
