<?xml version="1.0" encoding="UTF-8"?>
<!-- Generated by org.testng.reporters.JUnitReportReporter -->
<testsuite hostname="QSP" failures="0" tests="1" name="dataDriven.Test1" time="14.608" errors="0" timestamp="2021-07-10T16:07:07 IST" skipped="0">
  <testcase classname="dataDriven.Test1" name="tc2" time="14.608"/>
</testsuite> <!-- dataDriven.Test1 -->
