<?xml version="1.0" encoding="UTF-8"?>
<!-- Generated by org.testng.reporters.JUnitReportReporter -->
<testsuite hostname="QSP" failures="0" tests="1" name="notification.Test0" time="18.302" errors="0" timestamp="2021-07-07T15:23:41 IST" skipped="0">
  <testcase classname="notification.Test0" name="demo" time="18.302"/>
</testsuite> <!-- notification.Test0 -->
