<?xml version="1.0" encoding="UTF-8"?>
<!-- Generated by org.testng.reporters.JUnitReportReporter -->
<testsuite hostname="QSP" failures="0" tests="3" name="testng.Test4" time="35.229" errors="0" timestamp="2021-07-08T15:46:03 IST" skipped="0">
  <testcase classname="testng.Test4" name="tc1" time="9.790"/>
  <testcase classname="testng.Test4" name="tc1" time="16.384"/>
  <testcase classname="testng.Test4" name="tc1" time="9.055"/>
</testsuite> <!-- testng.Test4 -->
